
*** Running vivado
    with args -log top_module.vds -m64 -product Vivado -mode batch -messageDb vivado.pb -notrace -source top_module.tcl



****** Vivado v2022.2 (64-bit)
  **** SW Build 3671981 on Fri Oct 14 05:00:03 MDT 2022
  **** IP Build 3669848 on Fri Oct 14 08:30:02 MDT 2022
    ** Copyright 1986-2022 Xilinx, Inc. All Rights Reserved.

source top_module.tcl -notrace
create_project: Time (s): cpu = 00:00:06 ; elapsed = 00:00:06 . Memory (MB): peak = 394.785 ; gain = 72.676
Command: read_checkpoint -auto_incremental -incremental D:/vivado_pj/masterDesign/masterDesign.srcs/utils_1/imports/synth_1/nor_pair.dcp
INFO: [Vivado 12-5825] Read reference checkpoint from D:/vivado_pj/masterDesign/masterDesign.srcs/utils_1/imports/synth_1/nor_pair.dcp for incremental synthesis
INFO: [Vivado 12-7989] Please ensure there are no constraint changes
Command: synth_design -top top_module -part xc7s25csga225-1
Starting synth_design
Attempting to get a license for feature 'Synthesis' and/or device 'xc7s25'
INFO: [Common 17-349] Got license for feature 'Synthesis' and/or device 'xc7s25'
INFO: [Device 21-403] Loading part xc7s25csga225-1
INFO: [Designutils 20-5440] No compile time benefit to using incremental synthesis; A full resynthesis will be run
INFO: [Designutils 20-4379] Flow is switching to default flow due to incremental criteria not met. If you would like to alter this behaviour and have the flow terminate instead, please set the following parameter config_implementation {autoIncr.Synth.RejectBehavior Terminate}
INFO: [Synth 8-7079] Multithreading enabled for synth_design using a maximum of 2 processes.
INFO: [Synth 8-7078] Launching helper process for spawning children vivado processes
INFO: [Synth 8-7075] Helper process launched with PID 20600
INFO: [Synth 8-11241] undeclared symbol 'REGCCE', assumed default net type 'wire' [D:/vivado_tool/Vivado/2022.2/data/verilog/src/unimacro/BRAM_SINGLE_MACRO.v:2170]
INFO: [Synth 8-11241] undeclared symbol 'pio46', assumed default net type 'wire' [D:/vivado_pj/masterDesign/masterDesign.srcs/sources_1/new/top_module.sv:70]
---------------------------------------------------------------------------------
Starting RTL Elaboration : Time (s): cpu = 00:00:08 ; elapsed = 00:00:09 . Memory (MB): peak = 1198.348 ; gain = 408.449
---------------------------------------------------------------------------------
INFO: [Synth 8-6157] synthesizing module 'top_module' [D:/vivado_pj/masterDesign/masterDesign.srcs/sources_1/new/top_module.sv:24]
INFO: [Synth 8-6157] synthesizing module 'clock_gen_24MHz' [D:/vivado_pj/masterDesign/masterDesign.runs/synth_1/.Xil/Vivado-23224-DESKTOP-VEN7OOV/realtime/clock_gen_24MHz_stub.v:5]
INFO: [Synth 8-6155] done synthesizing module 'clock_gen_24MHz' (0#1) [D:/vivado_pj/masterDesign/masterDesign.runs/synth_1/.Xil/Vivado-23224-DESKTOP-VEN7OOV/realtime/clock_gen_24MHz_stub.v:5]
INFO: [Synth 8-6157] synthesizing module 'dff' [D:/vivado_pj/masterDesign/masterDesign.srcs/sources_1/new/dff.sv:4]
INFO: [Synth 8-6155] done synthesizing module 'dff' (0#1) [D:/vivado_pj/masterDesign/masterDesign.srcs/sources_1/new/dff.sv:4]
INFO: [Synth 8-6157] synthesizing module 'delay_chain' [D:/vivado_pj/masterDesign/masterDesign.srcs/sources_1/new/delay_chain.sv:3]
	Parameter INV_DELAY_LEN_INPUT bound to: 206 - type: integer 
	Parameter NOR_DELAY_LEN_INPUT bound to: 4 - type: integer 
INFO: [Synth 8-6157] synthesizing module 'inv_chain' [D:/vivado_pj/masterDesign/masterDesign.srcs/sources_1/new/inv.sv:17]
	Parameter INV_DELAY_LEN bound to: 206 - type: integer 
INFO: [Synth 8-6157] synthesizing module 'inv_pair' [D:/vivado_pj/masterDesign/masterDesign.srcs/sources_1/new/inv.sv:3]
INFO: [Synth 8-6157] synthesizing module 'inv_gate' [D:/vivado_pj/masterDesign/masterDesign.srcs/sources_1/new/inv.sv:7]
INFO: [Synth 8-6155] done synthesizing module 'inv_gate' (0#1) [D:/vivado_pj/masterDesign/masterDesign.srcs/sources_1/new/inv.sv:7]
INFO: [Synth 8-6157] synthesizing module 'inv_gate' [D:/vivado_pj/masterDesign/masterDesign.srcs/sources_1/new/inv.sv:7]
INFO: [Synth 8-6155] done synthesizing module 'inv_gate' (0#1) [D:/vivado_pj/masterDesign/masterDesign.srcs/sources_1/new/inv.sv:7]
INFO: [Synth 8-6155] done synthesizing module 'inv_pair' (0#1) [D:/vivado_pj/masterDesign/masterDesign.srcs/sources_1/new/inv.sv:3]
INFO: [Synth 8-6155] done synthesizing module 'inv_chain' (0#1) [D:/vivado_pj/masterDesign/masterDesign.srcs/sources_1/new/inv.sv:17]
INFO: [Synth 8-6157] synthesizing module 'nor_chain' [D:/vivado_pj/masterDesign/masterDesign.srcs/sources_1/new/nor_chain.sv:20]
	Parameter NOR_DELAY_LEN bound to: 4 - type: integer 
INFO: [Synth 8-6157] synthesizing module 'nor_pair' [D:/vivado_pj/masterDesign/masterDesign.srcs/sources_1/new/nor_chain.sv:3]
INFO: [Synth 8-6157] synthesizing module 'nor_gate' [D:/vivado_pj/masterDesign/masterDesign.srcs/sources_1/new/nor_chain.sv:7]
INFO: [Synth 8-6155] done synthesizing module 'nor_gate' (0#1) [D:/vivado_pj/masterDesign/masterDesign.srcs/sources_1/new/nor_chain.sv:7]
INFO: [Synth 8-6157] synthesizing module 'nor_gate' [D:/vivado_pj/masterDesign/masterDesign.srcs/sources_1/new/nor_chain.sv:7]
INFO: [Synth 8-6155] done synthesizing module 'nor_gate' (0#1) [D:/vivado_pj/masterDesign/masterDesign.srcs/sources_1/new/nor_chain.sv:7]
INFO: [Synth 8-6155] done synthesizing module 'nor_pair' (0#1) [D:/vivado_pj/masterDesign/masterDesign.srcs/sources_1/new/nor_chain.sv:3]
INFO: [Synth 8-6155] done synthesizing module 'nor_chain' (0#1) [D:/vivado_pj/masterDesign/masterDesign.srcs/sources_1/new/nor_chain.sv:20]
INFO: [Synth 8-6157] synthesizing module 'generic_mux' [D:/vivado_pj/masterDesign/masterDesign.srcs/sources_1/new/mux.sv:5]
	Parameter NUMBER bound to: 210 - type: integer 
INFO: [Synth 8-6155] done synthesizing module 'generic_mux' (0#1) [D:/vivado_pj/masterDesign/masterDesign.srcs/sources_1/new/mux.sv:5]
INFO: [Synth 8-6155] done synthesizing module 'delay_chain' (0#1) [D:/vivado_pj/masterDesign/masterDesign.srcs/sources_1/new/delay_chain.sv:3]
WARNING: [Synth 8-689] width (16) of port connection 'sel' does not match port width (8) of module 'delay_chain' [D:/vivado_pj/masterDesign/masterDesign.srcs/sources_1/new/top_module.sv:82]
INFO: [Synth 8-6157] synthesizing module 'xor_gate' [D:/vivado_pj/masterDesign/masterDesign.srcs/sources_1/new/xor.sv:3]
INFO: [Synth 8-6155] done synthesizing module 'xor_gate' (0#1) [D:/vivado_pj/masterDesign/masterDesign.srcs/sources_1/new/xor.sv:3]
INFO: [Synth 8-6157] synthesizing module 'uart_rx' [D:/vivado_pj/UART/UART.srcs/sources_1/new/uart_rx.sv:5]
INFO: [Synth 8-6155] done synthesizing module 'uart_rx' (0#1) [D:/vivado_pj/UART/UART.srcs/sources_1/new/uart_rx.sv:5]
INFO: [Synth 8-6157] synthesizing module 'uart_tx' [D:/vivado_pj/UART/UART.srcs/sources_1/new/uart_tx.sv:5]
INFO: [Synth 8-226] default block is never used [D:/vivado_pj/UART/UART.srcs/sources_1/new/uart_tx.sv:45]
INFO: [Synth 8-6155] done synthesizing module 'uart_tx' (0#1) [D:/vivado_pj/UART/UART.srcs/sources_1/new/uart_tx.sv:5]
INFO: [Synth 8-155] case statement is not full and has no default [D:/vivado_pj/masterDesign/masterDesign.srcs/sources_1/new/top_module.sv:123]
INFO: [Synth 8-6155] done synthesizing module 'top_module' (0#1) [D:/vivado_pj/masterDesign/masterDesign.srcs/sources_1/new/top_module.sv:24]
WARNING: [Synth 8-6014] Unused sequential element data_reg_reg was removed.  [D:/vivado_pj/masterDesign/masterDesign.srcs/sources_1/new/top_module.sv:102]
WARNING: [Synth 8-6014] Unused sequential element clk_div_cnt_reg was removed.  [D:/vivado_pj/masterDesign/masterDesign.srcs/sources_1/new/top_module.sv:112]
WARNING: [Synth 8-6014] Unused sequential element clk_variable_reg was removed.  [D:/vivado_pj/masterDesign/masterDesign.srcs/sources_1/new/top_module.sv:116]
WARNING: [Synth 8-7129] Port rgb[1] in module top_module is either unconnected or has no load
WARNING: [Synth 8-7129] Port rgb[0] in module top_module is either unconnected or has no load
WARNING: [Synth 8-7129] Port btn[1] in module top_module is either unconnected or has no load
---------------------------------------------------------------------------------
Finished RTL Elaboration : Time (s): cpu = 00:00:11 ; elapsed = 00:00:12 . Memory (MB): peak = 1291.754 ; gain = 501.855
---------------------------------------------------------------------------------
---------------------------------------------------------------------------------
Start Handling Custom Attributes
---------------------------------------------------------------------------------
---------------------------------------------------------------------------------
Finished Handling Custom Attributes : Time (s): cpu = 00:00:11 ; elapsed = 00:00:12 . Memory (MB): peak = 1291.754 ; gain = 501.855
---------------------------------------------------------------------------------
---------------------------------------------------------------------------------
Finished RTL Optimization Phase 1 : Time (s): cpu = 00:00:11 ; elapsed = 00:00:12 . Memory (MB): peak = 1291.754 ; gain = 501.855
---------------------------------------------------------------------------------
Netlist sorting complete. Time (s): cpu = 00:00:00 ; elapsed = 00:00:00.017 . Memory (MB): peak = 1291.754 ; gain = 0.000
INFO: [Project 1-570] Preparing netlist for logic optimization

Processing XDC Constraints
Initializing timing engine
Parsing XDC File [d:/vivado_pj/masterDesign/masterDesign.gen/sources_1/ip/clock_gen_24MHz/clock_gen_24MHz/clock_gen_24MHz_in_context.xdc] for cell 'nolabel_line78'
Finished Parsing XDC File [d:/vivado_pj/masterDesign/masterDesign.gen/sources_1/ip/clock_gen_24MHz/clock_gen_24MHz/clock_gen_24MHz_in_context.xdc] for cell 'nolabel_line78'
Parsing XDC File [D:/vivado_pj/masterDesign/masterDesign.srcs/constrs_1/new/Cmod-S7-25-Master.xdc]
Finished Parsing XDC File [D:/vivado_pj/masterDesign/masterDesign.srcs/constrs_1/new/Cmod-S7-25-Master.xdc]
INFO: [Project 1-236] Implementation specific constraints were found while reading constraint file [D:/vivado_pj/masterDesign/masterDesign.srcs/constrs_1/new/Cmod-S7-25-Master.xdc]. These constraints will be ignored for synthesis but will be used in implementation. Impacted constraints are listed in the file [.Xil/top_module_propImpl.xdc].
Resolution: To avoid this warning, move constraints listed in [.Xil/top_module_propImpl.xdc] to another XDC file and exclude this new file from synthesis with the used_in_synthesis property (File Properties dialog in GUI) and re-run elaboration/synthesis.
Completed Processing XDC Constraints

Netlist sorting complete. Time (s): cpu = 00:00:00 ; elapsed = 00:00:00.001 . Memory (MB): peak = 1348.062 ; gain = 0.000
INFO: [Project 1-111] Unisim Transformation Summary:
No Unisim elements were transformed.

Constraint Validation Runtime : Time (s): cpu = 00:00:00 ; elapsed = 00:00:00.006 . Memory (MB): peak = 1348.062 ; gain = 0.000
INFO: [Designutils 20-5440] No compile time benefit to using incremental synthesis; A full resynthesis will be run
INFO: [Designutils 20-4379] Flow is switching to default flow due to incremental criteria not met. If you would like to alter this behaviour and have the flow terminate instead, please set the following parameter config_implementation {autoIncr.Synth.RejectBehavior Terminate}
INFO: [Synth 8-11241] undeclared symbol 'REGCCE', assumed default net type 'wire' [D:/vivado_tool/Vivado/2022.2/data/verilog/src/unimacro/BRAM_SINGLE_MACRO.v:2170]
---------------------------------------------------------------------------------
Finished Constraint Validation : Time (s): cpu = 00:00:22 ; elapsed = 00:00:23 . Memory (MB): peak = 1348.062 ; gain = 558.164
---------------------------------------------------------------------------------
---------------------------------------------------------------------------------
Start Loading Part and Timing Information
---------------------------------------------------------------------------------
Loading part: xc7s25csga225-1
---------------------------------------------------------------------------------
Finished Loading Part and Timing Information : Time (s): cpu = 00:00:22 ; elapsed = 00:00:23 . Memory (MB): peak = 1348.062 ; gain = 558.164
---------------------------------------------------------------------------------
---------------------------------------------------------------------------------
Start Applying 'set_property' XDC Constraints
---------------------------------------------------------------------------------
Applied set_property IO_BUFFER_TYPE = NONE for clk. (constraint file  d:/vivado_pj/masterDesign/masterDesign.gen/sources_1/ip/clock_gen_24MHz/clock_gen_24MHz/clock_gen_24MHz_in_context.xdc, line 3).
Applied set_property CLOCK_BUFFER_TYPE = NONE for clk. (constraint file  d:/vivado_pj/masterDesign/masterDesign.gen/sources_1/ip/clock_gen_24MHz/clock_gen_24MHz/clock_gen_24MHz_in_context.xdc, line 4).
Applied set_property KEEP_HIERARCHY = SOFT for nolabel_line78. (constraint file  auto generated constraint).
---------------------------------------------------------------------------------
Finished applying 'set_property' XDC Constraints : Time (s): cpu = 00:00:22 ; elapsed = 00:00:23 . Memory (MB): peak = 1348.062 ; gain = 558.164
---------------------------------------------------------------------------------
INFO: [Synth 8-802] inferred FSM for state register 'state_reg' in module 'uart_rx'
INFO: [Synth 8-802] inferred FSM for state register 'state_reg' in module 'uart_tx'
INFO: [Synth 8-802] inferred FSM for state register 'current_state_reg' in module 'top_module'
---------------------------------------------------------------------------------------------------
                   State |                     New Encoding |                Previous Encoding 
---------------------------------------------------------------------------------------------------
                  iSTATE |                              001 |                               00
                 iSTATE0 |                              010 |                               01
                 iSTATE1 |                              100 |                               10
---------------------------------------------------------------------------------------------------
INFO: [Synth 8-3354] encoded FSM with state register 'state_reg' using encoding 'one-hot' in module 'uart_rx'
---------------------------------------------------------------------------------------------------
                   State |                     New Encoding |                Previous Encoding 
---------------------------------------------------------------------------------------------------
                 iSTATE1 |                               00 |                               00
                  iSTATE |                               01 |                               01
                 iSTATE0 |                               10 |                               10
                 iSTATE2 |                               11 |                               11
---------------------------------------------------------------------------------------------------
INFO: [Synth 8-3354] encoded FSM with state register 'state_reg' using encoding 'sequential' in module 'uart_tx'
---------------------------------------------------------------------------------------------------
                   State |                     New Encoding |                Previous Encoding 
---------------------------------------------------------------------------------------------------
                    IDLE |                              000 | 00000000000000000000000000000000
          RCV_FIRST_BYTE |                              001 | 00000000000000000000000000000001
         RCV_SECOND_BYTE |                              010 | 00000000000000000000000000000010
                    RCVD |                              011 | 00000000000000000000000000000011
                SET_DONE |                              100 | 00000000000000000000000000000100
---------------------------------------------------------------------------------------------------
INFO: [Synth 8-3354] encoded FSM with state register 'current_state_reg' using encoding 'sequential' in module 'top_module'
---------------------------------------------------------------------------------
Finished RTL Optimization Phase 2 : Time (s): cpu = 00:00:22 ; elapsed = 00:00:24 . Memory (MB): peak = 1348.062 ; gain = 558.164
---------------------------------------------------------------------------------
---------------------------------------------------------------------------------
Start RTL Component Statistics 
---------------------------------------------------------------------------------
Detailed RTL Component Info : 
+---Adders : 
	   2 Input   15 Bit       Adders := 2     
	   2 Input    3 Bit       Adders := 2     
+---XORs : 
	   2 Input      1 Bit         XORs := 1     
+---Registers : 
	               16 Bit    Registers := 1     
	               15 Bit    Registers := 2     
	                8 Bit    Registers := 3     
	                3 Bit    Registers := 2     
	                1 Bit    Registers := 9     
+---Muxes : 
	   5 Input   16 Bit        Muxes := 2     
	   2 Input   15 Bit        Muxes := 3     
	   3 Input   15 Bit        Muxes := 1     
	   4 Input   15 Bit        Muxes := 1     
	   3 Input    8 Bit        Muxes := 1     
	   4 Input    8 Bit        Muxes := 1     
	   5 Input    8 Bit        Muxes := 1     
	   3 Input    3 Bit        Muxes := 1     
	   4 Input    3 Bit        Muxes := 1     
	   5 Input    3 Bit        Muxes := 1     
	   4 Input    2 Bit        Muxes := 1     
	   2 Input    2 Bit        Muxes := 1     
	   2 Input    1 Bit        Muxes := 2     
	   3 Input    1 Bit        Muxes := 3     
	   4 Input    1 Bit        Muxes := 6     
	   5 Input    1 Bit        Muxes := 5     
---------------------------------------------------------------------------------
Finished RTL Component Statistics 
---------------------------------------------------------------------------------
---------------------------------------------------------------------------------
Start Part Resource Summary
---------------------------------------------------------------------------------
Part Resources:
DSPs: 80 (col length:40)
BRAMs: 90 (col length: RAMB18 40 RAMB36 20)
---------------------------------------------------------------------------------
Finished Part Resource Summary
---------------------------------------------------------------------------------
---------------------------------------------------------------------------------
Start Cross Boundary and Area Optimization
---------------------------------------------------------------------------------
WARNING: [Synth 8-7080] Parallel synthesis criteria is not met
WARNING: [Synth 8-7129] Port rgb[1] in module top_module is either unconnected or has no load
WARNING: [Synth 8-7129] Port rgb[0] in module top_module is either unconnected or has no load
WARNING: [Synth 8-7129] Port btn[1] in module top_module is either unconnected or has no load
---------------------------------------------------------------------------------
Finished Cross Boundary and Area Optimization : Time (s): cpu = 00:00:28 ; elapsed = 00:00:30 . Memory (MB): peak = 1348.062 ; gain = 558.164
---------------------------------------------------------------------------------
---------------------------------------------------------------------------------
Start Applying XDC Timing Constraints
---------------------------------------------------------------------------------
---------------------------------------------------------------------------------
Finished Applying XDC Timing Constraints : Time (s): cpu = 00:00:35 ; elapsed = 00:00:38 . Memory (MB): peak = 1348.062 ; gain = 558.164
---------------------------------------------------------------------------------
---------------------------------------------------------------------------------
Start Timing Optimization
---------------------------------------------------------------------------------
---------------------------------------------------------------------------------
Finished Timing Optimization : Time (s): cpu = 00:00:37 ; elapsed = 00:00:39 . Memory (MB): peak = 1348.062 ; gain = 558.164
---------------------------------------------------------------------------------
---------------------------------------------------------------------------------
Start Technology Mapping
---------------------------------------------------------------------------------
---------------------------------------------------------------------------------
Finished Technology Mapping : Time (s): cpu = 00:00:39 ; elapsed = 00:00:43 . Memory (MB): peak = 1348.062 ; gain = 558.164
---------------------------------------------------------------------------------
---------------------------------------------------------------------------------
Start IO Insertion
---------------------------------------------------------------------------------
---------------------------------------------------------------------------------
Start Flattening Before IO Insertion
---------------------------------------------------------------------------------
---------------------------------------------------------------------------------
Finished Flattening Before IO Insertion
---------------------------------------------------------------------------------
---------------------------------------------------------------------------------
Start Final Netlist Cleanup
---------------------------------------------------------------------------------
---------------------------------------------------------------------------------
Finished Final Netlist Cleanup
---------------------------------------------------------------------------------
---------------------------------------------------------------------------------
Finished IO Insertion : Time (s): cpu = 00:00:46 ; elapsed = 00:00:50 . Memory (MB): peak = 1348.062 ; gain = 558.164
---------------------------------------------------------------------------------
---------------------------------------------------------------------------------
Start Renaming Generated Instances
---------------------------------------------------------------------------------
---------------------------------------------------------------------------------
Finished Renaming Generated Instances : Time (s): cpu = 00:00:46 ; elapsed = 00:00:50 . Memory (MB): peak = 1348.062 ; gain = 558.164
---------------------------------------------------------------------------------
---------------------------------------------------------------------------------
Start Rebuilding User Hierarchy
---------------------------------------------------------------------------------
---------------------------------------------------------------------------------
Finished Rebuilding User Hierarchy : Time (s): cpu = 00:00:46 ; elapsed = 00:00:50 . Memory (MB): peak = 1348.062 ; gain = 558.164
---------------------------------------------------------------------------------
---------------------------------------------------------------------------------
Start Renaming Generated Ports
---------------------------------------------------------------------------------
---------------------------------------------------------------------------------
Finished Renaming Generated Ports : Time (s): cpu = 00:00:46 ; elapsed = 00:00:50 . Memory (MB): peak = 1348.062 ; gain = 558.164
---------------------------------------------------------------------------------
---------------------------------------------------------------------------------
Start Handling Custom Attributes
---------------------------------------------------------------------------------
---------------------------------------------------------------------------------
Finished Handling Custom Attributes : Time (s): cpu = 00:00:46 ; elapsed = 00:00:50 . Memory (MB): peak = 1348.062 ; gain = 558.164
---------------------------------------------------------------------------------
---------------------------------------------------------------------------------
Start Renaming Generated Nets
---------------------------------------------------------------------------------
---------------------------------------------------------------------------------
Finished Renaming Generated Nets : Time (s): cpu = 00:00:46 ; elapsed = 00:00:50 . Memory (MB): peak = 1348.062 ; gain = 558.164
---------------------------------------------------------------------------------
---------------------------------------------------------------------------------
Start Writing Synthesis Report
---------------------------------------------------------------------------------

Report BlackBoxes: 
+------+----------------+----------+
|      |BlackBox name   |Instances |
+------+----------------+----------+
|1     |clock_gen_24MHz |         1|
+------+----------------+----------+

Report Cell Usage: 
+------+----------------+------+
|      |Cell            |Count |
+------+----------------+------+
|1     |clock_gen_24MHz |     1|
|2     |CARRY4          |     8|
|3     |LUT1            |   420|
|4     |LUT2            |    25|
|5     |LUT3            |    13|
|6     |LUT4            |    19|
|7     |LUT5            |    14|
|8     |LUT6            |    74|
|9     |MUXF7           |    28|
|10    |MUXF8           |    14|
|11    |FDRE            |    72|
|12    |FDSE            |    20|
|13    |IBUF            |     2|
|14    |OBUF            |     7|
|15    |OBUFT           |     2|
+------+----------------+------+
---------------------------------------------------------------------------------
Finished Writing Synthesis Report : Time (s): cpu = 00:00:46 ; elapsed = 00:00:50 . Memory (MB): peak = 1348.062 ; gain = 558.164
---------------------------------------------------------------------------------
Synthesis finished with 0 errors, 0 critical warnings and 4 warnings.
Synthesis Optimization Runtime : Time (s): cpu = 00:00:33 ; elapsed = 00:00:48 . Memory (MB): peak = 1348.062 ; gain = 501.855
Synthesis Optimization Complete : Time (s): cpu = 00:00:46 ; elapsed = 00:00:51 . Memory (MB): peak = 1348.062 ; gain = 558.164
INFO: [Project 1-571] Translating synthesized netlist
Netlist sorting complete. Time (s): cpu = 00:00:00 ; elapsed = 00:00:00.008 . Memory (MB): peak = 1348.062 ; gain = 0.000
INFO: [Netlist 29-17] Analyzing 50 Unisim elements for replacement
INFO: [Netlist 29-28] Unisim Transformation completed in 0 CPU seconds
INFO: [Project 1-570] Preparing netlist for logic optimization
INFO: [Opt 31-140] Inserted 1 IBUFs to IO ports without IO buffers.
INFO: [Opt 31-138] Pushed 0 inverter(s) to 0 load pin(s).
Netlist sorting complete. Time (s): cpu = 00:00:00 ; elapsed = 00:00:00.001 . Memory (MB): peak = 1348.062 ; gain = 0.000
INFO: [Project 1-111] Unisim Transformation Summary:
No Unisim elements were transformed.

Synth Design complete, checksum: 23296850
INFO: [Common 17-83] Releasing license: Synthesis
65 Infos, 11 Warnings, 0 Critical Warnings and 0 Errors encountered.
synth_design completed successfully
synth_design: Time (s): cpu = 00:00:53 ; elapsed = 00:00:58 . Memory (MB): peak = 1348.062 ; gain = 920.758
INFO: [Common 17-1381] The checkpoint 'D:/vivado_pj/masterDesign/masterDesign.runs/synth_1/top_module.dcp' has been generated.
INFO: [runtcl-4] Executing : report_utilization -file top_module_utilization_synth.rpt -pb top_module_utilization_synth.pb
INFO: [Common 17-206] Exiting Vivado at Wed Mar  8 14:36:03 2023...
