Copyright 1986-2022 Xilinx, Inc. All Rights Reserved.
------------------------------------------------------------------------------------------------------------------------
| Tool Version : Vivado v.2022.2 (win64) Build 3671981 Fri Oct 14 05:00:03 MDT 2022
| Date         : Mon Mar 13 23:26:45 2023
| Host         : DESKTOP-VEN7OOV running 64-bit major release  (build 9200)
| Command      : report_drc -file top_module_drc_routed.rpt -pb top_module_drc_routed.pb -rpx top_module_drc_routed.rpx
| Design       : top_module
| Device       : xc7s25csga225-1
| Speed File   : -1
| Design State : Fully Routed
------------------------------------------------------------------------------------------------------------------------

Report DRC

Table of Contents
-----------------
1. REPORT SUMMARY
2. REPORT DETAILS

1. REPORT SUMMARY
-----------------
            Netlist: netlist
          Floorplan: design_1
      Design limits: <entire design considered>
           Ruledeck: default
             Max violations: <unlimited>
             Violations found: 2
+-----------+----------+-----------------------------------------------------+------------+
| Rule      | Severity | Description                                         | Violations |
+-----------+----------+-----------------------------------------------------+------------+
| CFGBVS-1  | Warning  | Missing CFGBVS and CONFIG_VOLTAGE Design Properties | 1          |
| RTSTAT-10 | Warning  | No routable loads                                   | 1          |
+-----------+----------+-----------------------------------------------------+------------+

2. REPORT DETAILS
-----------------
CFGBVS-1#1 Warning
Missing CFGBVS and CONFIG_VOLTAGE Design Properties  
Neither the CFGBVS nor CONFIG_VOLTAGE voltage property is set in the current_design.  Configuration bank voltage select (CFGBVS) must be set to VCCO or GND, and CONFIG_VOLTAGE must be set to the correct configuration voltage, in order to determine the I/O voltage support for the pins in bank 0.  It is suggested to specify these either using the 'Edit Device Properties' function in the GUI or directly in the XDC file using the following syntax:

 set_property CFGBVS value1 [current_design]
 #where value1 is either VCCO or GND

 set_property CONFIG_VOLTAGE value2 [current_design]
 #where value2 is the voltage provided to configuration bank 0

Refer to the device configuration user guide for more information.
Related violations: <none>

RTSTAT-10#1 Warning
No routable loads  
21 net(s) have no routable loads. The problem bus(es) and/or net(s) are uart_reader/etu_cnt0_carry__0_n_1, uart_reader/etu_cnt0_carry__0_n_2,
uart_reader/etu_cnt0_carry__0_n_3, uart_reader/etu_cnt0_carry__1_n_1,
uart_reader/etu_cnt0_carry__1_n_2, uart_reader/etu_cnt0_carry__1_n_3,
uart_reader/etu_cnt0_carry__2_n_3, uart_writer/etu_cnt0_carry__0_n_1,
uart_writer/etu_cnt0_carry__0_n_2, uart_writer/etu_cnt0_carry__0_n_3,
uart_writer/etu_cnt0_carry__1_n_1, uart_writer/etu_cnt0_carry__1_n_2,
uart_writer/etu_cnt0_carry__1_n_3, uart_writer/etu_cnt0_carry__2_n_3,
uart_writer/etu_cnt0_carry_n_1 (the first 15 of 21 listed nets/buses).
Related violations: <none>


